<?xml version="1.0" encoding="UTF-8"?>
<testng-results skipped="0" failed="1" total="7" passed="6">
  <reporter-output>
  </reporter-output>
  <suite name="testng" duration-ms="7874" started-at="2014-11-14T09:50:31Z" finished-at="2014-11-14T09:50:39Z">
    <groups>
    </groups>
    <test name="Test" duration-ms="310" started-at="2014-11-14T09:50:31Z" finished-at="2014-11-14T09:50:31Z">
      <class name="com.sharepoint.TestNGtest.Annotations">
        <test-method status="FAIL" signature="happen(double, double, double, double)[pri:0, instance:com.sharepoint.TestNGtest.Annotations@6de8aa5]" name="happen" duration-ms="10" started-at="2014-11-14T15:20:31Z" data-provider="getData" finished-at="2014-11-14T15:20:31Z">
          <params>
            <param index="0">
              <value is-null="true"/>
            </param>
            <param index="1">
              <value is-null="true"/>
            </param>
            <param index="2">
              <value is-null="true"/>
            </param>
            <param index="3">
              <value is-null="true"/>
            </param>
          </params>
          <exception class="java.lang.IllegalArgumentException">
            <full-stacktrace>
              <![CDATA[java.lang.IllegalArgumentException
	at sun.reflect.NativeMethodAccessorImpl.invoke0(Native Method)
	at sun.reflect.NativeMethodAccessorImpl.invoke(Unknown Source)
	at sun.reflect.DelegatingMethodAccessorImpl.invoke(Unknown Source)
	at java.lang.reflect.Method.invoke(Unknown Source)
	at org.testng.internal.MethodInvocationHelper.invokeMethod(MethodInvocationHelper.java:84)
	at org.testng.internal.Invoker.invokeMethod(Invoker.java:714)
	at org.testng.internal.Invoker.invokeTestMethod(Invoker.java:901)
	at org.testng.internal.Invoker.invokeTestMethods(Invoker.java:1231)
	at org.testng.internal.TestMethodWorker.invokeTestMethods(TestMethodWorker.java:127)
	at org.testng.internal.TestMethodWorker.run(TestMethodWorker.java:111)
	at java.util.concurrent.ThreadPoolExecutor.runWorker(Unknown Source)
	at java.util.concurrent.ThreadPoolExecutor$Worker.run(Unknown Source)
	at java.lang.Thread.run(Unknown Source)
]]>
            </full-stacktrace>
          </exception> <!-- java.lang.IllegalArgumentException -->
          <reporter-output>
          </reporter-output>
        </test-method> <!-- happen -->
        <test-method status="PASS" signature="happen(double, double, double, double)[pri:0, instance:com.sharepoint.TestNGtest.Annotations@6de8aa5]" name="happen" duration-ms="0" started-at="2014-11-14T15:20:31Z" data-provider="getData" finished-at="2014-11-14T15:20:31Z">
          <params>
            <param index="0">
              <value>
                <![CDATA[1.0]]>
              </value>
            </param>
            <param index="1">
              <value>
                <![CDATA[2.0]]>
              </value>
            </param>
            <param index="2">
              <value>
                <![CDATA[3.0]]>
              </value>
            </param>
            <param index="3">
              <value>
                <![CDATA[4.0]]>
              </value>
            </param>
          </params>
          <reporter-output>
          </reporter-output>
        </test-method> <!-- happen -->
        <test-method status="PASS" signature="happen(double, double, double, double)[pri:0, instance:com.sharepoint.TestNGtest.Annotations@6de8aa5]" name="happen" duration-ms="10" started-at="2014-11-14T15:20:31Z" data-provider="getData" finished-at="2014-11-14T15:20:31Z">
          <params>
            <param index="0">
              <value>
                <![CDATA[5.0]]>
              </value>
            </param>
            <param index="1">
              <value>
                <![CDATA[6.0]]>
              </value>
            </param>
            <param index="2">
              <value>
                <![CDATA[7.0]]>
              </value>
            </param>
            <param index="3">
              <value>
                <![CDATA[8.0]]>
              </value>
            </param>
          </params>
          <reporter-output>
          </reporter-output>
        </test-method> <!-- happen -->
        <test-method status="PASS" signature="happen(double, double, double, double)[pri:0, instance:com.sharepoint.TestNGtest.Annotations@6de8aa5]" name="happen" duration-ms="0" started-at="2014-11-14T15:20:31Z" data-provider="getData" finished-at="2014-11-14T15:20:31Z">
          <params>
            <param index="0">
              <value>
                <![CDATA[9.0]]>
              </value>
            </param>
            <param index="1">
              <value>
                <![CDATA[10.0]]>
              </value>
            </param>
            <param index="2">
              <value>
                <![CDATA[11.0]]>
              </value>
            </param>
            <param index="3">
              <value>
                <![CDATA[20.0]]>
              </value>
            </param>
          </params>
          <reporter-output>
          </reporter-output>
        </test-method> <!-- happen -->
        <test-method status="PASS" signature="happen(double, double, double, double)[pri:0, instance:com.sharepoint.TestNGtest.Annotations@6de8aa5]" name="happen" duration-ms="0" started-at="2014-11-14T15:20:31Z" data-provider="getData" finished-at="2014-11-14T15:20:31Z">
          <params>
            <param index="0">
              <value>
                <![CDATA[12.0]]>
              </value>
            </param>
            <param index="1">
              <value>
                <![CDATA[13.0]]>
              </value>
            </param>
            <param index="2">
              <value>
                <![CDATA[14.0]]>
              </value>
            </param>
            <param index="3">
              <value>
                <![CDATA[15.0]]>
              </value>
            </param>
          </params>
          <reporter-output>
          </reporter-output>
        </test-method> <!-- happen -->
      </class> <!-- com.sharepoint.TestNGtest.Annotations -->
    </test> <!-- Test -->
    <test name="Test1" duration-ms="4263" started-at="2014-11-14T09:50:31Z" finished-at="2014-11-14T09:50:35Z">
      <class name="com.sharepoint.TestNGtest.Parameter">
        <test-method status="PASS" signature="LaunchBrowser(java.lang.String)[pri:0, instance:com.sharepoint.TestNGtest.Parameter@48aee668]" name="LaunchBrowser" is-config="true" duration-ms="4162" started-at="2014-11-14T15:20:31Z" finished-at="2014-11-14T15:20:35Z">
          <params>
            <param index="0">
              <value>
                <![CDATA[firefox]]>
              </value>
            </param>
          </params>
          <reporter-output>
          </reporter-output>
        </test-method> <!-- LaunchBrowser -->
        <test-method status="PASS" signature="done()[pri:0, instance:com.sharepoint.TestNGtest.Parameter@48aee668]" name="done" duration-ms="0" started-at="2014-11-14T15:20:35Z" finished-at="2014-11-14T15:20:35Z">
          <reporter-output>
          </reporter-output>
        </test-method> <!-- done -->
        <test-method status="PASS" signature="teardown()[pri:0, instance:com.sharepoint.TestNGtest.Parameter@48aee668]" name="teardown" is-config="true" duration-ms="101" started-at="2014-11-14T15:20:35Z" finished-at="2014-11-14T15:20:35Z">
          <reporter-output>
          </reporter-output>
        </test-method> <!-- teardown -->
      </class> <!-- com.sharepoint.TestNGtest.Parameter -->
    </test> <!-- Test1 -->
    <test name="Test2" duration-ms="3261" started-at="2014-11-14T09:50:35Z" finished-at="2014-11-14T09:50:39Z">
      <class name="com.sharepoint.TestNGtest.Parameter">
        <test-method status="PASS" signature="LaunchBrowser(java.lang.String)[pri:0, instance:com.sharepoint.TestNGtest.Parameter@19f70605]" name="LaunchBrowser" is-config="true" duration-ms="2049" started-at="2014-11-14T15:20:35Z" finished-at="2014-11-14T15:20:37Z">
          <params>
            <param index="0">
              <value>
                <![CDATA[chrome]]>
              </value>
            </param>
          </params>
          <reporter-output>
          </reporter-output>
        </test-method> <!-- LaunchBrowser -->
        <test-method status="PASS" signature="done()[pri:0, instance:com.sharepoint.TestNGtest.Parameter@19f70605]" name="done" duration-ms="1" started-at="2014-11-14T15:20:37Z" finished-at="2014-11-14T15:20:37Z">
          <reporter-output>
          </reporter-output>
        </test-method> <!-- done -->
        <test-method status="PASS" signature="teardown()[pri:0, instance:com.sharepoint.TestNGtest.Parameter@19f70605]" name="teardown" is-config="true" duration-ms="1211" started-at="2014-11-14T15:20:37Z" finished-at="2014-11-14T15:20:39Z">
          <reporter-output>
          </reporter-output>
        </test-method> <!-- teardown -->
      </class> <!-- com.sharepoint.TestNGtest.Parameter -->
    </test> <!-- Test2 -->
  </suite> <!-- testng -->
</testng-results>
